<?xml version="1.0" encoding="UTF-8"?>
<coverage generated="1681980850826" clover="3.2.0">
  <project timestamp="1681980850826" name="All files">
    <metrics statements="15" coveredstatements="13" conditionals="2" coveredconditionals="1" methods="4" coveredmethods="4" elements="21" coveredelements="18" complexity="0" loc="15" ncloc="15" packages="1" files="1" classes="1"/>
    <file name="jugador.js" path="C:\Users\fdily\Desktop\7-i-medio\js\jugador.js">
      <metrics statements="15" coveredstatements="13" conditionals="2" coveredconditionals="1" methods="4" coveredmethods="4"/>
      <line num="10" count="4" type="stmt"/>
      <line num="11" count="4" type="stmt"/>
      <line num="12" count="4" type="stmt"/>
      <line num="20" count="7" type="stmt"/>
      <line num="21" count="7" type="stmt"/>
      <line num="30" count="7" type="stmt"/>
      <line num="31" count="7" type="stmt"/>
      <line num="32" count="7" type="stmt"/>
      <line num="33" count="11" type="stmt"/>
      <line num="35" count="7" type="cond" truecount="1" falsecount="1"/>
      <line num="36" count="0" type="stmt"/>
      <line num="37" count="0" type="stmt"/>
      <line num="39" count="7" type="stmt"/>
      <line num="46" count="5" type="stmt"/>
      <line num="47" count="5" type="stmt"/>
    </file>
  </project>
</coverage>
