{"C:\\Users\\fdily\\Desktop\\7-i-medio\\js\\Game.js": {"path":"C:\\Users\\fdily\\Desktop\\7-i-medio\\js\\Game.js","statementMap":{"0":{"start":{"line":17,"column":4},"end":{"line":17,"column":21}},"1":{"start":{"line":18,"column":4},"end":{"line":18,"column":25}},"2":{"start":{"line":19,"column":4},"end":{"line":19,"column":29}},"3":{"start":{"line":28,"column":4},"end":{"line":28,"column":24}},"4":{"start":{"line":29,"column":4},"end":{"line":29,"column":24}},"5":{"start":{"line":30,"column":4},"end":{"line":30,"column":26}},"6":{"start":{"line":31,"column":4},"end":{"line":34,"column":5}},"7":{"start":{"line":31,"column":17},"end":{"line":31,"column":18}},"8":{"start":{"line":32,"column":6},"end":{"line":32,"column":43}},"9":{"start":{"line":33,"column":6},"end":{"line":33,"column":45}},"10":{"start":{"line":42,"column":4},"end":{"line":42,"column":36}},"11":{"start":{"line":51,"column":4},"end":{"line":64,"column":5}},"12":{"start":{"line":52,"column":6},"end":{"line":63,"column":7}},"13":{"start":{"line":53,"column":8},"end":{"line":53,"column":32}},"14":{"start":{"line":54,"column":13},"end":{"line":63,"column":7}},"15":{"start":{"line":55,"column":29},"end":{"line":55,"column":42}},"16":{"start":{"line":56,"column":8},"end":{"line":60,"column":9}},"17":{"start":{"line":57,"column":10},"end":{"line":57,"column":34}},"18":{"start":{"line":59,"column":10},"end":{"line":59,"column":16}},"19":{"start":{"line":62,"column":8},"end":{"line":62,"column":14}},"20":{"start":{"line":72,"column":4},"end":{"line":88,"column":5}},"21":{"start":{"line":73,"column":19},"end":{"line":73,"column":38}},"22":{"start":{"line":74,"column":6},"end":{"line":74,"column":22}},"23":{"start":{"line":75,"column":6},"end":{"line":75,"column":27}},"24":{"start":{"line":76,"column":11},"end":{"line":88,"column":5}},"25":{"start":{"line":77,"column":19},"end":{"line":77,"column":36}},"26":{"start":{"line":78,"column":6},"end":{"line":78,"column":22}},"27":{"start":{"line":79,"column":6},"end":{"line":79,"column":27}},"28":{"start":{"line":80,"column":11},"end":{"line":88,"column":5}},"29":{"start":{"line":81,"column":19},"end":{"line":81,"column":38}},"30":{"start":{"line":82,"column":6},"end":{"line":82,"column":22}},"31":{"start":{"line":83,"column":6},"end":{"line":83,"column":27}},"32":{"start":{"line":85,"column":19},"end":{"line":85,"column":27}},"33":{"start":{"line":86,"column":6},"end":{"line":86,"column":22}},"34":{"start":{"line":87,"column":6},"end":{"line":87,"column":27}}},"fnMap":{"0":{"name":"(anonymous_0)","decl":{"start":{"line":16,"column":2},"end":{"line":16,"column":3}},"loc":{"start":{"line":16,"column":44},"end":{"line":20,"column":3}},"line":16},"1":{"name":"(anonymous_1)","decl":{"start":{"line":27,"column":2},"end":{"line":27,"column":3}},"loc":{"start":{"line":27,"column":10},"end":{"line":35,"column":3}},"line":27},"2":{"name":"(anonymous_2)","decl":{"start":{"line":41,"column":2},"end":{"line":41,"column":3}},"loc":{"start":{"line":41,"column":14},"end":{"line":43,"column":3}},"line":41},"3":{"name":"(anonymous_3)","decl":{"start":{"line":50,"column":2},"end":{"line":50,"column":3}},"loc":{"start":{"line":50,"column":17},"end":{"line":65,"column":3}},"line":50},"4":{"name":"(anonymous_4)","decl":{"start":{"line":71,"column":2},"end":{"line":71,"column":3}},"loc":{"start":{"line":71,"column":14},"end":{"line":89,"column":3}},"line":71}},"branchMap":{"0":{"loc":{"start":{"line":51,"column":11},"end":{"line":51,"column":70}},"type":"binary-expr","locations":[{"start":{"line":51,"column":11},"end":{"line":51,"column":36}},{"start":{"line":51,"column":40},"end":{"line":51,"column":70}}],"line":51},"1":{"loc":{"start":{"line":52,"column":6},"end":{"line":63,"column":7}},"type":"if","locations":[{"start":{"line":52,"column":6},"end":{"line":63,"column":7}},{"start":{"line":54,"column":13},"end":{"line":63,"column":7}}],"line":52},"2":{"loc":{"start":{"line":54,"column":13},"end":{"line":63,"column":7}},"type":"if","locations":[{"start":{"line":54,"column":13},"end":{"line":63,"column":7}},{"start":{"line":61,"column":13},"end":{"line":63,"column":7}}],"line":54},"3":{"loc":{"start":{"line":54,"column":17},"end":{"line":54,"column":72}},"type":"binary-expr","locations":[{"start":{"line":54,"column":17},"end":{"line":54,"column":43}},{"start":{"line":54,"column":47},"end":{"line":54,"column":72}}],"line":54},"4":{"loc":{"start":{"line":56,"column":8},"end":{"line":60,"column":9}},"type":"if","locations":[{"start":{"line":56,"column":8},"end":{"line":60,"column":9}},{"start":{"line":58,"column":15},"end":{"line":60,"column":9}}],"line":56},"5":{"loc":{"start":{"line":72,"column":4},"end":{"line":88,"column":5}},"type":"if","locations":[{"start":{"line":72,"column":4},"end":{"line":88,"column":5}},{"start":{"line":76,"column":11},"end":{"line":88,"column":5}}],"line":72},"6":{"loc":{"start":{"line":76,"column":11},"end":{"line":88,"column":5}},"type":"if","locations":[{"start":{"line":76,"column":11},"end":{"line":88,"column":5}},{"start":{"line":80,"column":11},"end":{"line":88,"column":5}}],"line":76},"7":{"loc":{"start":{"line":80,"column":11},"end":{"line":88,"column":5}},"type":"if","locations":[{"start":{"line":80,"column":11},"end":{"line":88,"column":5}},{"start":{"line":84,"column":11},"end":{"line":88,"column":5}}],"line":80}},"s":{"0":7,"1":7,"2":7,"3":1,"4":1,"5":1,"6":1,"7":1,"8":1,"9":1,"10":1,"11":1,"12":0,"13":0,"14":0,"15":0,"16":0,"17":0,"18":0,"19":0,"20":4,"21":0,"22":0,"23":0,"24":4,"25":1,"26":1,"27":1,"28":3,"29":2,"30":2,"31":2,"32":1,"33":1,"34":1},"f":{"0":7,"1":1,"2":1,"3":1,"4":4},"b":{"0":[1,0],"1":[0,0],"2":[0,0],"3":[0,0],"4":[0,0],"5":[0,4],"6":[1,3],"7":[2,1]},"_coverageSchema":"1a1c01bbd47fc00a2c39e90264f33305004495a9","hash":"0e8fbd0561d43d0f3c86865a6205ba5e6c02ee1f"}
,"C:\\Users\\fdily\\Desktop\\7-i-medio\\js\\card.js": {"path":"C:\\Users\\fdily\\Desktop\\7-i-medio\\js\\card.js","statementMap":{"0":{"start":{"line":12,"column":4},"end":{"line":12,"column":21}},"1":{"start":{"line":13,"column":4},"end":{"line":13,"column":21}},"2":{"start":{"line":14,"column":4},"end":{"line":14,"column":21}},"3":{"start":{"line":21,"column":4},"end":{"line":26,"column":6}}},"fnMap":{"0":{"name":"(anonymous_0)","decl":{"start":{"line":11,"column":2},"end":{"line":11,"column":3}},"loc":{"start":{"line":11,"column":32},"end":{"line":15,"column":3}},"line":11},"1":{"name":"(anonymous_1)","decl":{"start":{"line":20,"column":2},"end":{"line":20,"column":3}},"loc":{"start":{"line":20,"column":12},"end":{"line":27,"column":3}},"line":20}},"branchMap":{},"s":{"0":298,"1":298,"2":298,"3":0},"f":{"0":298,"1":0},"b":{},"_coverageSchema":"1a1c01bbd47fc00a2c39e90264f33305004495a9","hash":"1936b7fac97422d3afd4c2b9e47e9e4e7d907689"}
,"C:\\Users\\fdily\\Desktop\\7-i-medio\\js\\deck.js": {"path":"C:\\Users\\fdily\\Desktop\\7-i-medio\\js\\deck.js","statementMap":{"0":{"start":{"line":15,"column":4},"end":{"line":15,"column":20}},"1":{"start":{"line":16,"column":18},"end":{"line":21,"column":5}},"2":{"start":{"line":23,"column":18},"end":{"line":34,"column":5}},"3":{"start":{"line":36,"column":4},"end":{"line":40,"column":5}},"4":{"start":{"line":37,"column":6},"end":{"line":39,"column":7}},"5":{"start":{"line":38,"column":8},"end":{"line":38,"column":62}},"6":{"start":{"line":50,"column":4},"end":{"line":50,"column":28}},"7":{"start":{"line":59,"column":4},"end":{"line":59,"column":26}},"8":{"start":{"line":67,"column":4},"end":{"line":70,"column":5}},"9":{"start":{"line":67,"column":17},"end":{"line":67,"column":38}},"10":{"start":{"line":68,"column":16},"end":{"line":68,"column":51}},"11":{"start":{"line":69,"column":6},"end":{"line":69,"column":70}}},"fnMap":{"0":{"name":"(anonymous_0)","decl":{"start":{"line":14,"column":2},"end":{"line":14,"column":3}},"loc":{"start":{"line":14,"column":16},"end":{"line":41,"column":3}},"line":14},"1":{"name":"(anonymous_1)","decl":{"start":{"line":49,"column":2},"end":{"line":49,"column":3}},"loc":{"start":{"line":49,"column":8},"end":{"line":51,"column":3}},"line":49},"2":{"name":"(anonymous_2)","decl":{"start":{"line":58,"column":2},"end":{"line":58,"column":3}},"loc":{"start":{"line":58,"column":13},"end":{"line":60,"column":3}},"line":58},"3":{"name":"(anonymous_3)","decl":{"start":{"line":66,"column":2},"end":{"line":66,"column":3}},"loc":{"start":{"line":66,"column":12},"end":{"line":71,"column":3}},"line":66}},"branchMap":{},"s":{"0":7,"1":7,"2":7,"3":7,"4":28,"5":280,"6":3,"7":0,"8":1,"9":1,"10":39,"11":39},"f":{"0":7,"1":3,"2":0,"3":1},"b":{},"_coverageSchema":"1a1c01bbd47fc00a2c39e90264f33305004495a9","hash":"39f7eb0ee984e7e59722f8532ea5d85fe6d07a88"}
,"C:\\Users\\fdily\\Desktop\\7-i-medio\\js\\jugador.js": {"path":"C:\\Users\\fdily\\Desktop\\7-i-medio\\js\\jugador.js","statementMap":{"0":{"start":{"line":10,"column":4},"end":{"line":10,"column":21}},"1":{"start":{"line":11,"column":4},"end":{"line":11,"column":20}},"2":{"start":{"line":12,"column":4},"end":{"line":12,"column":19}},"3":{"start":{"line":20,"column":4},"end":{"line":20,"column":26}},"4":{"start":{"line":21,"column":4},"end":{"line":21,"column":33}},"5":{"start":{"line":30,"column":16},"end":{"line":30,"column":17}},"6":{"start":{"line":31,"column":4},"end":{"line":33,"column":5}},"7":{"start":{"line":32,"column":6},"end":{"line":32,"column":33}},"8":{"start":{"line":35,"column":4},"end":{"line":35,"column":17}},"9":{"start":{"line":41,"column":4},"end":{"line":41,"column":20}},"10":{"start":{"line":42,"column":4},"end":{"line":42,"column":19}}},"fnMap":{"0":{"name":"(anonymous_0)","decl":{"start":{"line":9,"column":2},"end":{"line":9,"column":3}},"loc":{"start":{"line":9,"column":20},"end":{"line":13,"column":3}},"line":9},"1":{"name":"(anonymous_1)","decl":{"start":{"line":19,"column":2},"end":{"line":19,"column":3}},"loc":{"start":{"line":19,"column":16},"end":{"line":22,"column":3}},"line":19},"2":{"name":"(anonymous_2)","decl":{"start":{"line":29,"column":2},"end":{"line":29,"column":3}},"loc":{"start":{"line":29,"column":13},"end":{"line":36,"column":3}},"line":29},"3":{"name":"(anonymous_3)","decl":{"start":{"line":40,"column":2},"end":{"line":40,"column":3}},"loc":{"start":{"line":40,"column":10},"end":{"line":43,"column":3}},"line":40}},"branchMap":{},"s":{"0":13,"1":13,"2":13,"3":21,"4":21,"5":21,"6":21,"7":30,"8":21,"9":2,"10":2},"f":{"0":13,"1":21,"2":21,"3":2},"b":{},"_coverageSchema":"1a1c01bbd47fc00a2c39e90264f33305004495a9","hash":"41bce3deaacd3949ebc60b80b256569e95496108"}
}
