TN:
SF:js\Game.js
FN:16,(anonymous_0)
FN:27,(anonymous_1)
FN:41,(anonymous_2)
FN:50,(anonymous_3)
FN:71,(anonymous_4)
FNF:5
FNH:5
FNDA:7,(anonymous_0)
FNDA:1,(anonymous_1)
FNDA:1,(anonymous_2)
FNDA:1,(anonymous_3)
FNDA:4,(anonymous_4)
DA:17,7
DA:18,7
DA:19,7
DA:28,1
DA:29,1
DA:30,1
DA:31,1
DA:32,1
DA:33,1
DA:42,1
DA:51,1
DA:52,0
DA:53,0
DA:54,0
DA:55,0
DA:56,0
DA:57,0
DA:59,0
DA:62,0
DA:72,4
DA:73,0
DA:74,0
DA:75,0
DA:76,4
DA:77,1
DA:78,1
DA:79,1
DA:80,3
DA:81,2
DA:82,2
DA:83,2
DA:85,1
DA:86,1
DA:87,1
LF:34
LH:23
BRDA:51,0,0,1
BRDA:51,0,1,0
BRDA:52,1,0,0
BRDA:52,1,1,0
BRDA:54,2,0,0
BRDA:54,2,1,0
BRDA:54,3,0,0
BRDA:54,3,1,0
BRDA:56,4,0,0
BRDA:56,4,1,0
BRDA:72,5,0,0
BRDA:72,5,1,4
BRDA:76,6,0,1
BRDA:76,6,1,3
BRDA:80,7,0,2
BRDA:80,7,1,1
BRF:16
BRH:6
end_of_record
TN:
SF:js\card.js
FN:11,(anonymous_0)
FN:20,(anonymous_1)
FNF:2
FNH:1
FNDA:298,(anonymous_0)
FNDA:0,(anonymous_1)
DA:12,298
DA:13,298
DA:14,298
DA:21,0
LF:4
LH:3
BRF:0
BRH:0
end_of_record
TN:
SF:js\deck.js
FN:14,(anonymous_0)
FN:49,(anonymous_1)
FN:58,(anonymous_2)
FN:66,(anonymous_3)
FNF:4
FNH:3
FNDA:7,(anonymous_0)
FNDA:3,(anonymous_1)
FNDA:0,(anonymous_2)
FNDA:1,(anonymous_3)
DA:15,7
DA:16,7
DA:23,7
DA:36,7
DA:37,28
DA:38,280
DA:50,3
DA:59,0
DA:67,1
DA:68,39
DA:69,39
LF:11
LH:10
BRF:0
BRH:0
end_of_record
TN:
SF:js\jugador.js
FN:9,(anonymous_0)
FN:19,(anonymous_1)
FN:29,(anonymous_2)
FN:40,(anonymous_3)
FNF:4
FNH:4
FNDA:13,(anonymous_0)
FNDA:21,(anonymous_1)
FNDA:21,(anonymous_2)
FNDA:2,(anonymous_3)
DA:10,13
DA:11,13
DA:12,13
DA:20,21
DA:21,21
DA:30,21
DA:31,21
DA:32,30
DA:35,21
DA:41,2
DA:42,2
LF:11
LH:11
BRF:0
BRH:0
end_of_record
